\BOOKMARK [1][-]{section.1}{Software}{}% 1
\BOOKMARK [1][-]{section.2}{Dataset and Event Selection}{}% 2
\BOOKMARK [2][-]{subsection.2.1}{D*-tagged jets}{section.2}% 3
\BOOKMARK [2][-]{subsection.2.2}{D0-tagged jets}{section.2}% 4
\BOOKMARK [2][-]{subsection.2.3}{Monte Carlo productions}{section.2}% 5
\BOOKMARK [3][-]{subsubsection.2.3.1}{D*-tagged jets}{subsection.2.3}% 6
\BOOKMARK [3][-]{subsubsection.2.3.2}{D0-tagged jets}{subsection.2.3}% 7
\BOOKMARK [1][-]{section.3}{D-Meson Selection}{}% 8
\BOOKMARK [2][-]{subsection.3.1}{Particle Identification}{section.3}% 9
\BOOKMARK [1][-]{section.4}{Jet Reconstruction}{}% 10
\BOOKMARK [2][-]{subsection.4.1}{Jet Selection}{section.4}% 11
\BOOKMARK [1][-]{section.5}{Raw Yield Extraction}{}% 12
\BOOKMARK [2][-]{subsubsection.5.0.1}{D*-tagged jets}{section.5}% 13
\BOOKMARK [3][-]{subsubsection.5.0.2}{D0-tagged jets}{subsubsection.5.0.1}% 14
\BOOKMARK [2][-]{subsection.5.1}{Direct Jet-pT Extraction Method}{section.5}% 15
\BOOKMARK [2][-]{subsection.5.2}{Side-Band Subtraction Method}{section.5}% 16
\BOOKMARK [2][-]{subsection.5.3}{Method Comparison}{section.5}% 17
\BOOKMARK [1][-]{section.6}{Efficiency Correction Procedure}{}% 18
\BOOKMARK [2][-]{subsection.6.1}{Reconstruction Efficiency}{section.6}% 19
\BOOKMARK [2][-]{subsection.6.2}{Efficiency-Corrected Yields}{section.6}% 20
\BOOKMARK [3][-]{subsubsection.6.2.1}{Direct Jet-pT Extraction Method}{subsection.6.2}% 21
\BOOKMARK [3][-]{subsubsection.6.2.2}{Side-Band Subtraction Method}{subsection.6.2}% 22
\BOOKMARK [2][-]{subsection.6.3}{Method Comparison \(Efficiency-Corrected Yields\)}{section.6}% 23
\BOOKMARK [1][-]{section.7}{Underlying Event \(p\205Pb analysis\)}{}% 24
\BOOKMARK [2][-]{subsection.7.1}{Average Background Momentum Density}{section.7}% 25
\BOOKMARK [2][-]{subsection.7.2}{Jet Background Fluctuations}{section.7}% 26
\BOOKMARK [1][-]{section.8}{Jet Momentum Detector Response}{}% 27
\BOOKMARK [2][-]{subsection.8.1}{Detector Response Matrix}{section.8}% 28
\BOOKMARK [1][-]{section.9}{Feed-Down Correction}{}% 29
\BOOKMARK [2][-]{subsection.9.1}{Monte Carlo Simulation}{section.9}% 30
\BOOKMARK [2][-]{subsection.9.2}{Feed-Down Subtraction}{section.9}% 31
\BOOKMARK [1][-]{section.10}{Unfolding}{}% 32
\BOOKMARK [2][-]{subsection.10.1}{D*-tagged jets}{section.10}% 33
\BOOKMARK [2][-]{subsection.10.2}{D0-tagged jets}{section.10}% 34
\BOOKMARK [1][-]{section.11}{Systematic Uncertainties}{}% 35
\BOOKMARK [2][-]{subsection.11.1}{Raw Yield Extraction}{section.11}% 36
\BOOKMARK [3][-]{subsubsection.11.1.1}{D*-tagged jets}{subsection.11.1}% 37
\BOOKMARK [3][-]{subsubsection.11.1.2}{D0-tagged jets}{subsection.11.1}% 38
\BOOKMARK [2][-]{subsection.11.2}{D-Meson Selection Cuts}{section.11}% 39
\BOOKMARK [3][-]{subsubsection.11.2.1}{D*-tagged jets}{subsection.11.2}% 40
\BOOKMARK [3][-]{subsubsection.11.2.2}{D0-tagged jets}{subsection.11.2}% 41
\BOOKMARK [2][-]{subsection.11.3}{B Feed-Down Correction}{section.11}% 42
\BOOKMARK [3][-]{subsubsection.11.3.1}{D*-tagged jets}{subsection.11.3}% 43
\BOOKMARK [3][-]{subsubsection.11.3.2}{D0-tagged jets}{subsection.11.3}% 44
\BOOKMARK [2][-]{subsection.11.4}{Unfolding}{section.11}% 45
\BOOKMARK [3][-]{subsubsection.11.4.1}{D*-tagged jets}{subsection.11.4}% 46
\BOOKMARK [3][-]{subsubsection.11.4.2}{D0-tagged jets}{subsection.11.4}% 47
\BOOKMARK [2][-]{subsection.11.5}{Background fluctuation matrix}{section.11}% 48
\BOOKMARK [3][-]{subsubsection.11.5.1}{D*-tagged jets}{subsection.11.5}% 49
\BOOKMARK [3][-]{subsubsection.11.5.2}{D0-tagged jets}{subsection.11.5}% 50
\BOOKMARK [2][-]{subsection.11.6}{Tracking Efficiency}{section.11}% 51
\BOOKMARK [2][-]{subsection.11.7}{Tracking Efficiency \205 Jet Energy Scale}{section.11}% 52
\BOOKMARK [3][-]{subsubsection.11.7.1}{D*-tagged jets}{subsection.11.7}% 53
\BOOKMARK [3][-]{subsubsection.11.7.2}{D0-tagged jets}{subsection.11.7}% 54
\BOOKMARK [2][-]{subsection.11.8}{pT Shape of the Monte Carlo Spectrum}{section.11}% 55
\BOOKMARK [2][-]{subsection.11.9}{Summary of Systematic Uncertainties}{section.11}% 56
\BOOKMARK [3][-]{subsubsection.11.9.1}{D*-tagged jets}{subsection.11.9}% 57
\BOOKMARK [3][-]{subsubsection.11.9.2}{D0-tagged jets}{subsection.11.9}% 58
\BOOKMARK [1][-]{section.12}{Results}{}% 59
\BOOKMARK [2][-]{subsubsection.12.0.1}{Monte Carlo Simulations}{section.12}% 60
\BOOKMARK [3][-]{subsubsection.12.0.2}{Effect of the pT,D Cut}{subsubsection.12.0.1}% 61
\BOOKMARK [1][-]{section.13}{Preliminary Figures}{}% 62
\BOOKMARK [1][-]{section*.95}{Appendices}{}% 63
\BOOKMARK [1][-]{Appendix.1.A}{Systematic Uncertainties with binning used in Pb-Pb analsyis}{}% 64
\BOOKMARK [2][-]{subsection.1.A.1}{Raw Yield Extraction}{Appendix.1.A}% 65
\BOOKMARK [3][-]{subsubsection.1.A.1.1}{D0-tagged jets}{subsection.1.A.1}% 66
\BOOKMARK [2][-]{subsection.1.A.2}{D-Meson Selection Cuts}{Appendix.1.A}% 67
\BOOKMARK [3][-]{subsubsection.1.A.2.1}{D0-tagged jets}{subsection.1.A.2}% 68
\BOOKMARK [2][-]{subsection.1.A.3}{B Feed-Down Correction}{Appendix.1.A}% 69
\BOOKMARK [3][-]{subsubsection.1.A.3.1}{D0-tagged jets}{subsection.1.A.3}% 70
\BOOKMARK [2][-]{subsection.1.A.4}{Unfolding}{Appendix.1.A}% 71
\BOOKMARK [3][-]{subsubsection.1.A.4.1}{D0-tagged jets}{subsection.1.A.4}% 72
\BOOKMARK [2][-]{subsection.1.A.5}{Background fluctuation matrix}{Appendix.1.A}% 73
\BOOKMARK [3][-]{subsubsection.1.A.5.1}{D0-tagged jets}{subsection.1.A.5}% 74
\BOOKMARK [2][-]{subsection.1.A.6}{Tracking Efficiency}{Appendix.1.A}% 75
\BOOKMARK [2][-]{subsection.1.A.7}{Tracking Efficiency \205 Jet Energy Scale}{Appendix.1.A}% 76
\BOOKMARK [3][-]{subsubsection.1.A.7.1}{D0-tagged jets}{subsection.1.A.7}% 77
\BOOKMARK [2][-]{subsection.1.A.8}{Summary of Systematic Uncertainties}{Appendix.1.A}% 78
\BOOKMARK [3][-]{subsubsection.1.A.8.1}{D0-tagged jets}{subsection.1.A.8}% 79
\BOOKMARK [1][-]{Appendix.1.B}{Results}{}% 80
